<?xml version="1.0" encoding="UTF-8"?>
<testng-results ignored="0" total="1" passed="1" failed="0" skipped="0">
  <reporter-output>
    <line>
      <![CDATA[Username: janedoetests858@gmail.com]]>
    </line>
    <line>
      <![CDATA[Password: testingprofile]]>
    </line>
  </reporter-output>
  <suite started-at="2021-08-15T06:37:51 EDT" name="Regression Suite" finished-at="2021-08-15T06:38:00 EDT" duration-ms="8863">
    <groups>
    </groups>
    <test started-at="2021-08-15T06:37:51 EDT" name="ScenariosTests" finished-at="2021-08-15T06:38:00 EDT" duration-ms="8863">
      <class name="test.resetProfile">
        <test-method is-config="true" signature="beforeTest(java.lang.String,java.lang.String,java.lang.String,java.lang.String)[pri:0, instance:test.resetProfile@45dd4eda]" started-at="2021-08-15T06:37:51 EDT" name="beforeTest" finished-at="2021-08-15T06:37:56 EDT" duration-ms="5149" status="PASS">
          <params>
            <param index="0">
              <value>
                <![CDATA[chrome]]>
              </value>
            </param>
            <param index="1">
              <value>
                <![CDATA[https://wordpress.com/me]]>
              </value>
            </param>
            <param index="2">
              <value>
                <![CDATA[janedoetests858@gmail.com]]>
              </value>
            </param>
            <param index="3">
              <value>
                <![CDATA[testingprofile]]>
              </value>
            </param>
          </params>
          <reporter-output>
            <line>
              <![CDATA[Username: janedoetests858@gmail.com]]>
            </line>
            <line>
              <![CDATA[Password: testingprofile]]>
            </line>
          </reporter-output>
        </test-method> <!-- beforeTest -->
        <test-method is-config="true" signature="beforeClass()[pri:0, instance:test.resetProfile@45dd4eda]" started-at="2021-08-15T06:37:56 EDT" name="beforeClass" finished-at="2021-08-15T06:37:58 EDT" duration-ms="2037" status="PASS">
          <reporter-output>
          </reporter-output>
        </test-method> <!-- beforeClass -->
        <test-method signature="resetProfileDetails(java.lang.String,java.lang.String,java.lang.String,java.lang.String,java.lang.String)[pri:1, instance:test.resetProfile@45dd4eda]" started-at="2021-08-15T06:37:58 EDT" name="resetProfileDetails" finished-at="2021-08-15T06:37:59 EDT" duration-ms="1280" status="PASS">
          <params>
            <param index="0">
              <value>
                <![CDATA[Jane]]>
              </value>
            </param>
            <param index="1">
              <value>
                <![CDATA[Doe]]>
              </value>
            </param>
            <param index="2">
              <value>
                <![CDATA[2021tests]]>
              </value>
            </param>
            <param index="3">
              <value>
                <![CDATA[Automation Testing]]>
              </value>
            </param>
            <param index="4">
              <value>
                <![CDATA[resetImage.png]]>
              </value>
            </param>
          </params>
          <reporter-output>
          </reporter-output>
        </test-method> <!-- resetProfileDetails -->
        <test-method is-config="true" signature="afterTest()[pri:0, instance:test.resetProfile@45dd4eda]" started-at="2021-08-15T06:37:59 EDT" name="afterTest" finished-at="2021-08-15T06:38:00 EDT" duration-ms="358" status="PASS">
          <reporter-output>
          </reporter-output>
        </test-method> <!-- afterTest -->
      </class> <!-- test.resetProfile -->
    </test> <!-- ScenariosTests -->
  </suite> <!-- Regression Suite -->
</testng-results>
