<?xml version="1.0" encoding="UTF-8"?>
<!-- Generated by org.testng.reporters.JUnitXMLReporter -->
<testsuite ignored="6" hostname="Anushas-MacBook-Pro.local" failures="0" tests="11" name="Regression Test" time="8.605" errors="0" timestamp="2021-06-29T11:43:58 EDT">
  <testcase classname="test.LoginTest" name="blankPasswordValidation" time="0.5"/>
  <testcase classname="test.LoginTest" name="blankUsernameAndPasswordValidation" time="0.229"/>
  <testcase classname="test.LoginTest" name="blankUsernameValidation" time="0.26"/>
  <testcase classname="test.LoginTest" name="invalidUsernameInvalidPasswordValidation" time="0.401"/>
  <testcase classname="test.LoginTest" name="invalidUsernameValidPasswordValidation" time="0.333"/>
  <testcase classname="test.LoginTest" name="validLoginValidation" time="0.368"/>
  <testcase classname="test.LoginTest" name="validUsernameInvalidPasswordValidation" time="0.373"/>
  <testcase classname="test.BasicValidation" name="titleValidation" time="0.021"/>
  <testcase classname="test.BasicValidation" name="urlValidation" time="0.025"/>
  <testcase classname="test.LoginTestYAML" name="invalidUsernameValidPasswordValidation" time="0.292"/>
  <testcase classname="test.LoginTestYAML" name="validLoginValidation" time="0.359"/>
  <testcase classname="test.Base" name="@BeforeTest beforeTest" time="0.0">
    <ignored/>
  </testcase> <!-- @BeforeTest beforeTest -->
  <testcase classname="test.Base" name="@BeforeTest beforeTest" time="0.0">
    <ignored/>
  </testcase> <!-- @BeforeTest beforeTest -->
  <testcase classname="test.Base" name="@BeforeTest beforeTest" time="0.0">
    <ignored/>
  </testcase> <!-- @BeforeTest beforeTest -->
  <testcase classname="test.Base" name="@AfterTest afterTest" time="0.0">
    <ignored/>
  </testcase> <!-- @AfterTest afterTest -->
  <testcase classname="test.Base" name="@AfterTest afterTest" time="0.0">
    <ignored/>
  </testcase> <!-- @AfterTest afterTest -->
  <testcase classname="test.Base" name="@AfterTest afterTest" time="0.0">
    <ignored/>
  </testcase> <!-- @AfterTest afterTest -->
</testsuite> <!-- Regression Test -->
